Arguments: 
  /usr/bin/node /usr/share/yarn/bin/yarn.js add typescript

PATH: 
  /usr/local/sbin:/usr/local/bin:/usr/sbin:/usr/bin:/sbin:/bin:/usr/games:/usr/local/games:/usr/lib/wsl/lib:/mnt/c/Program Files (x86)/Razer Chroma SDK/bin:/mnt/c/Program Files/Razer Chroma SDK/bin:/mnt/c/Program Files (x86)/Razer/ChromaBroadcast/bin:/mnt/c/Program Files/Razer/ChromaBroadcast/bin:/mnt/c/Windows/system32:/mnt/c/Windows:/mnt/c/Windows/System32/Wbem:/mnt/c/Windows/System32/WindowsPowerShell/v1.0/:/mnt/c/Windows/System32/OpenSSH/:/mnt/c/Program Files/Git/cmd:/mnt/c/Program Files/Go/bin:/mnt/c/Windows/system32/config/systemprofile/AppData/Local/Microsoft/WindowsApps:/mnt/c/Users/sakur/AppData/Roaming/nvm:/mnt/c/Program Files/nodejs:/mnt/c/WINDOWS/system32:/mnt/c/WINDOWS:/mnt/c/WINDOWS/System32/Wbem:/mnt/c/WINDOWS/System32/WindowsPowerShell/v1.0/:/mnt/c/WINDOWS/System32/OpenSSH/:/mnt/c/Program Files/dotnet/:/mnt/c/Program Files (x86)/Windows Kits/10/Windows Performance Toolkit/:/mnt/c/Users/sakur/scoop/shims:/mnt/c/Users/sakur/AppData/Local/Microsoft/WindowsApps:/mnt/c/Program Files/JetBrains/DataGrip 2021.1.3/bin:/mnt/c/Program Files/JetBrains/PhpStorm 2021.1.3/bin:/mnt/c/Users/sakur/AppData/Local/GitHubDesktop/bin:/mnt/c/Users/sakur/go/bin:/mnt/c/Program Files/JetBrains/GoLand 2021.2/bin:/mnt/c/Users/sakur/AppData/Roaming/nvm:/mnt/c/Program Files/nodejs:/mnt/c/Program Files/JetBrains/IntelliJ IDEA Community Edition 2021.2.3/bin:/mnt/c/Users/sakur/AppData/Local/JetBrains/Toolbox/scripts:/mnt/c/Users/sakur/AppData/Local/Programs/Microsoft VS Code/bin:/snap/bin:/home/takeru/.yarn/bin

Yarn version: 
  1.22.19

Node version: 
  14.18.3

Platform: 
  linux x64

Trace: 
  Error: 140033791281024:error:1408F119:SSL routines:ssl3_get_record:decryption failed or bad record mac:../deps/openssl/openssl/ssl/record/ssl3_record.c:677:

npm manifest: 
  {
    "name": "KurocoTopicsJson2TSTypes",
    "version": "0.1.0",
    "description": "Convert a JSON file of Kuroco Topics to TypeScript Types.",
    "main": "index.ts",
    "repository": "https://github.com/TakerNezu/KurocoTopicsJson2TSTypes.git",
    "author": "TakerNezu",
    "license": "MIT"
  }

yarn manifest: 
  No manifest

Lockfile: 
  No lockfile
